0.000 12.48 29.9ms 0.00
0.015 8.11 30.5ms 0.00
0.030 20.59 20.0ms 0.00
0.045 20.59 21.4ms 0.00
0.060 20.59 21.5ms 0.00
0.075 6.24 28.1ms 0.00
0.090 3.12 34.0ms 0.00
0.105 11.23 36.2ms 0.00
0.120 15.60 29.6ms 0.00
0.135 4.99 33.2ms 0.00
0.150 3.12 18.0ms 0.00
0.165 17.47 26.4ms 0.00
0.180 20.59 19.0ms 0.00
0.195 20.59 20.8ms 0.00
0.210 12.48 24.0ms 0.00
0.225 3.12 27.4ms 0.00
0.240 4.99 30.0ms 0.00
0.255 18.72 19.4ms 0.00
0.270 20.59 24.1ms 0.00
0.285 3.12 13.4ms 0.00
0.300 17.47 18.2ms 0.00
0.315 3.12 13.0ms 0.00
0.330 17.47 16.9ms 0.00
0.345 3.12 13.0ms 0.00
0.360 3.12 13.0ms 0.00
0.375 12.48 18.0ms 0.00
0.390 12.48 23.0ms 0.00
0.405 8.11 25.0ms 0.00
0.420 15.60 16.2ms 0.00
0.435 3.12 17.4ms 0.00
0.450 3.12 12.4ms 0.00
0.465 3.12 13.2ms 0.00
0.480 9.36 15.6ms 0.00
0.495 3.12 18.0ms 0.00
0.510 20.59 18.0ms 0.00
0.525 20.59 16.2ms 0.00
0.540 20.59 18.0ms 0.00
0.555 15.60 30.0ms 0.00
0.570 3.12 31.5ms 0.00
0.585 20.59 22.4ms 0.00
0.600 15.60 17.2ms 0.00
0.615 4.99 18.0ms 0.00
0.630 9.36 14.8ms 0.00
0.645 11.23 17.8ms 0.00
0.660 9.36 25.0ms 0.00
0.675 11.23 25.8ms 0.00
0.690 20.59 17.0ms 0.00
0.705 18.72 27.0ms 0.00
0.720 18.72 18.0ms 0.00
0.735 9.36 14.0ms 0.00
0.750 11.23 16.8ms 0.00
0.765 6.24 32.0ms 0.00
0.780 14.35 35.0ms 0.00
0.795 6.24 22.1ms 0.00
0.810 14.35 26.1ms 0.00
0.825 20.59 16.0ms 0.00
0.840 15.60 15.2ms 0.00
0.855 4.99 17.1ms 0.00
0.870 3.12 14.0ms 0.00
0.885 6.24 14.9ms 0.00
0.900 9.36 19.0ms 0.00
0.915 18.72 25.0ms 0.00
0.930 9.36 14.0ms 0.00
0.945 6.24 17.2ms 0.00
0.960 3.12 18.0ms 0.00
0.975 3.12 13.0ms 0.00
0.990 17.47 17.0ms 0.00
1.005 20.59 18.5ms 0.00
1.020 18.72 20.2ms 0.00
1.035 12.48 16.5ms 0.00
1.050 8.11 18.4ms 0.00
1.065 6.24 32.9ms 0.00
1.080 12.48 44.4ms 0.00
1.095 20.59 52.0ms 0.00
1.110 20.59 39.0ms 0.00
1.125 12.48 29.0ms 0.00
1.140 3.12 29.0ms 0.00
1.155 4.99 32.5ms 0.00
1.170 20.59 20.8ms 0.00
1.185 20.59 25.5ms 0.00
1.200 12.48 26.0ms 0.00
1.215 8.11 26.1ms 0.00
1.230 15.60 20.2ms 0.00
1.245 4.99 33.4ms 0.00
1.260 20.59 56.4ms 0.00
1.275 18.72 53.9ms 0.00
1.290 6.24 43.0ms 0.80
1.305 18.72 43.4ms 0.00
1.320 20.59 46.2ms 0.00
1.335 20.59 62.0ms 0.00
1.350 18.72 43.8ms 0.00
1.365 28.08 38.9ms 0.02
1.380 3.12 38.0ms 0.00
1.395 3.74 38.0ms 0.00
1.410 16.22 38.8ms 0.00
1.425 16.22 59.9ms 0.00
1.440 16.22 67.0ms 0.00
1.455 2.50 65.0ms 0.00
1.470 2.50 56.0ms 0.00
1.485 6.24 22.0ms 0.00
1.500 6.24 35.0ms 0.00
1.515 2.50 25.0ms 0.00
1.530 2.50 22.5ms 0.00
1.545 2.50 22.0ms 0.00
1.560 2.50 23.4ms 0.00
1.575 2.50 28.0ms 0.00
1.590 2.50 23.0ms 0.00
1.605 2.50 22.1ms 0.00
1.620 2.50 15.1ms 0.00
1.635 2.50 16.0ms 0.00
1.650 2.50 19.5ms 0.00
1.665 2.50 27.0ms 0.00
1.680 2.50 13.1ms 0.00
1.695 2.50 12.8ms 0.00
1.710 2.50 23.0ms 0.00
1.725 2.50 25.1ms 0.00
1.740 2.50 15.0ms 0.00
1.755 2.50 17.0ms 0.00
1.770 2.50 13.2ms 0.00
1.785 2.50 36.2ms 0.00
1.800 2.50 28.0ms 0.00
1.815 2.50 12.6ms 0.00
1.830 2.50 28.0ms 0.00
1.845 2.50 18.0ms 0.00
1.860 2.50 15.0ms 0.00
1.875 2.50 13.5ms 0.00
1.890 2.50 14.0ms 0.00
1.905 2.50 11.4ms 0.00
1.920 2.50 23.0ms 0.00
1.935 2.50 13.5ms 0.00
1.950 4.37 13.1ms 0.00
1.965 4.37 14.0ms 0.00
1.980 4.37 14.1ms 0.00
1.995 4.37 12.5ms 0.00
2.010 4.37 31.0ms 0.00
2.025 4.37 14.4ms 0.00
2.040 4.37 20.0ms 0.00
2.055 4.37 13.1ms 0.00
2.070 4.37 13.1ms 0.00
2.085 6.24 13.1ms 0.00
2.100 6.24 26.5ms 0.00
2.115 6.24 13.4ms 0.00
2.130 6.24 33.0ms 0.00
2.145 3.12 17.5ms 0.00
2.160 3.12 20.6ms 0.00
2.175 6.24 15.8ms 0.00
2.190 3.12 11.0ms 0.00
2.205 3.12 12.1ms 0.00
2.220 3.12 17.0ms 0.00
2.235 3.12 17.0ms 0.00
2.250 6.24 65.6ms 0.00
2.265 6.24 50.0ms 0.00
2.280 6.24 34.2ms 0.00
2.295 6.24 18.6ms 0.00
2.310 6.24 11.6ms 0.00
2.325 6.24 14.0ms 0.00
2.340 6.24 21.0ms 0.00
2.355 6.24 22.6ms 0.00
2.370 6.24 18.0ms 0.00
2.385 6.24 17.0ms 0.00
2.400 6.24 21.0ms 0.00
2.415 6.24 23.0ms 0.00
2.430 6.24 15.0ms 0.00
2.445 6.24 15.9ms 0.00
2.460 6.24 71.4ms 0.00
2.475 6.24 65.0ms 0.00
2.490 6.24 48.0ms 0.00
2.505 6.24 35.0ms 0.00
2.520 6.24 18.5ms 0.00
2.535 2.50 27.6ms 0.00
2.550 2.50 32.2ms 0.00
2.565 2.50 24.0ms 0.00
2.580 2.50 13.0ms 0.00
2.595 2.50 13.2ms 0.00
2.610 2.50 13.1ms 0.00
2.625 2.50 11.5ms 0.00
2.640 2.50 12.2ms 0.00
2.655 4.37 16.6ms 0.00
2.670 4.37 12.8ms 0.00
2.685 4.37 15.0ms 0.00
2.700 3.12 23.0ms 0.00
2.715 4.37 15.1ms 0.00
2.730 4.37 22.2ms 0.00
2.745 4.37 14.0ms 0.00
2.760 4.37 13.2ms 0.00
2.775 4.37 15.9ms 0.00
2.790 4.37 13.1ms 0.00
2.805 4.37 27.1ms 0.00
2.820 4.37 16.1ms 0.00
2.835 3.12 30.0ms 0.00
2.850 3.12 13.1ms 0.00
2.865 4.37 27.8ms 0.00
2.880 4.37 55.0ms 0.00
2.895 6.24 38.0ms 0.00
2.910 6.24 45.9ms 0.00
2.925 6.24 53.1ms 0.00
2.940 6.24 77.4ms 0.00
2.955 3.12 63.5ms 0.00
2.970 3.12 64.0ms 0.00
2.985 6.24 51.6ms 0.00
3.000 3.12 14.8ms 0.00
3.015 3.12 18.0ms 0.00
3.030 2.50 78.0ms 0.00
3.045 2.50 78.0ms 0.00
3.060 2.50 68.8ms 0.00
3.075 2.50 21.0ms 0.00
3.090 2.50 21.0ms 0.00
3.105 2.50 21.0ms 0.00
3.120 2.50 19.0ms 0.00
3.135 2.50 23.0ms 0.00
3.150 2.50 17.0ms 0.00
3.165 2.50 17.2ms 0.00
3.180 2.50 13.4ms 0.00
3.195 2.50 77.0ms 0.00
3.210 2.50 60.0ms 0.00
3.225 2.50 12.4ms 0.00
3.240 2.50 11.1ms 0.00
3.255 2.50 14.2ms 0.00
3.270 2.50 13.0ms 0.00
3.285 2.50 43.0ms 0.00
3.300 2.50 26.0ms 0.00
3.315 2.50 17.0ms 0.00
3.330 2.50 14.9ms 0.00
3.345 2.50 25.1ms 0.00
3.360 2.50 10.1ms 0.00
3.375 2.50 34.0ms 0.00
3.390 2.50 17.0ms 0.00
3.405 2.50 75.0ms 0.00
3.420 2.50 58.2ms 0.00
3.435 2.50 77.9ms 0.00
3.450 2.50 56.9ms 0.00
3.465 2.50 51.2ms 0.00
3.480 2.50 36.0ms 0.00
3.495 2.50 19.6ms 0.00
3.510 2.50 13.0ms 0.00
3.525 2.50 37.0ms 0.00
3.540 2.50 20.4ms 0.00
3.555 2.50 16.4ms 0.00
3.570 2.50 18.1ms 0.00
3.585 2.50 13.0ms 0.00
3.600 2.50 58.0ms 0.00
3.615 2.50 41.4ms 0.00
3.630 2.50 25.2ms 0.00
3.645 2.50 12.2ms 0.00
3.660 2.50 53.0ms 0.00
3.675 2.50 47.0ms 0.00
3.690 2.50 48.0ms 0.00
3.705 2.50 44.0ms 0.00
3.720 2.50 41.0ms 0.00
3.735 2.50 72.0ms 0.00
3.750 2.50 75.0ms 0.00
3.765 2.50 59.0ms 0.00
3.780 2.50 42.4ms 0.00
3.795 2.50 66.9ms 0.00
3.810 2.50 72.0ms 0.00
3.825 2.50 47.0ms 0.00
3.840 2.50 44.0ms 0.00
3.855 2.50 39.5ms 0.00
3.870 2.50 23.0ms 0.00
3.885 2.50 23.0ms 0.00
3.900 2.50 20.1ms 0.00
3.915 2.50 15.2ms 0.00
3.930 2.50 14.8ms 0.00
3.945 2.50 53.8ms 0.00
3.960 2.50 40.0ms 0.00
3.975 2.50 31.8ms 0.00
3.990 2.50 78.8ms 0.00
4.005 2.50 71.2ms 0.00
4.020 2.50 57.1ms 0.00
4.035 2.50 43.0ms 0.00
4.050 2.50 31.0ms 0.00
4.065 2.50 66.0ms 0.00
4.080 2.50 50.0ms 0.00
4.095 2.50 40.0ms 0.00
4.110 2.50 52.0ms 0.00
4.125 2.50 38.1ms 0.00
4.140 2.50 76.2ms 0.00
4.155 2.50 61.0ms 0.00
4.170 2.50 54.0ms 0.00
4.185 2.50 39.0ms 0.00
4.200 2.50 22.1ms 0.00
4.215 2.50 22.0ms 0.00
4.230 2.50 34.1ms 0.00
4.245 2.50 20.9ms 0.00
4.260 2.50 21.1ms 0.00
4.275 2.50 16.5ms 0.00
4.290 2.50 15.4ms 0.00
4.305 2.50 23.5ms 0.00
4.320 2.50 44.1ms 0.00
4.335 2.50 28.0ms 0.00
4.350 2.50 17.4ms 0.00
4.365 2.50 45.0ms 0.00
4.380 2.50 41.6ms 0.00
4.395 2.50 46.0ms 0.00
4.410 2.50 30.0ms 0.00
4.425 2.50 25.4ms 0.00
4.440 2.50 58.9ms 0.00
4.455 2.50 34.4ms 0.00
4.470 2.50 65.1ms 0.00
4.485 2.50 13.2ms 0.00
4.500 2.50 14.0ms 0.00
4.515 2.50 11.2ms 0.00
4.530 2.50 13.9ms 0.00
4.545 2.50 29.0ms 0.00
4.560 2.50 15.6ms 0.00
4.575 2.50 51.2ms 0.00
4.590 2.50 38.0ms 0.00
4.605 2.50 35.0ms 0.00
4.620 2.50 18.0ms 0.00
4.635 2.50 20.4ms 0.00
4.650 2.50 15.0ms 0.00
4.665 2.50 17.8ms 0.00
4.680 2.50 16.9ms 0.00
4.695 2.50 11.0ms 0.00
4.710 2.50 11.0ms 0.00
4.725 2.50 48.5ms 0.00
4.740 2.50 22.0ms 0.00
4.755 2.50 27.4ms 0.00
4.770 2.50 14.0ms 0.00
4.785 2.50 28.1ms 0.00
4.800 2.50 13.5ms 0.00
4.815 2.50 36.0ms 0.00
4.830 2.50 13.5ms 0.00
4.845 2.50 15.0ms 0.00
4.860 2.50 14.8ms 0.00
4.875 2.50 16.0ms 0.00
4.890 2.50 14.5ms 0.00
4.905 2.50 13.0ms 0.00
4.920 2.50 33.1ms 0.00
4.935 2.50 27.0ms 0.00
4.950 2.50 73.4ms 0.00
4.965 2.50 51.0ms 0.00
4.980 2.50 76.5ms 0.00
4.995 2.50 36.4ms 0.00
5.010 2.50 22.4ms 0.00
5.025 2.50 13.0ms 0.00
5.040 2.50 30.0ms 0.00
5.055 2.50 16.0ms 0.00
5.070 2.50 11.5ms 0.00
5.085 2.50 21.5ms 0.00
5.100 2.50 35.9ms 0.00
5.115 2.50 23.2ms 0.00
5.130 2.50 67.0ms 0.00
5.145 2.50 50.0ms 0.00
5.160 2.50 47.4ms 0.00
5.175 2.50 35.0ms 0.00
5.190 2.50 36.0ms 0.00
5.205 2.50 36.5ms 0.00
5.220 2.50 37.0ms 0.00
5.235 2.50 38.4ms 0.00
5.250 2.50 64.5ms 0.00
5.265 2.50 30.0ms 0.00
5.280 2.50 25.0ms 0.00
5.295 2.50 26.1ms 0.00
5.310 2.50 30.0ms 0.00
5.325 2.50 28.1ms 0.00
5.340 2.50 25.0ms 0.00
5.355 2.50 16.9ms 0.00
5.370 2.50 12.5ms 0.00
5.385 2.50 11.5ms 0.00
5.400 2.50 13.0ms 0.00
5.415 2.50 40.0ms 0.00
5.430 2.50 40.0ms 0.00
5.445 2.50 56.6ms 0.00
5.460 2.50 68.0ms 0.00
5.475 2.50 74.0ms 0.00
5.490 2.50 57.8ms 0.00
5.505 2.50 41.4ms 0.00
5.520 2.50 26.9ms 0.00
5.535 2.50 73.1ms 0.00
5.550 2.50 57.0ms 0.00
5.565 2.50 40.0ms 0.00
5.580 2.50 55.8ms 0.00
5.595 2.50 56.0ms 0.00
5.610 2.50 56.9ms 0.00
5.625 2.50 43.0ms 0.00
5.640 2.50 63.0ms 0.00
5.655 2.50 46.0ms 0.00
5.670 2.50 36.0ms 0.00
5.685 2.50 38.4ms 0.00
5.700 2.50 41.4ms 0.00
5.715 2.50 27.0ms 0.00
5.730 2.50 65.0ms 0.00
5.745 2.50 50.0ms 0.00
5.760 2.50 37.2ms 0.00
5.775 2.50 64.8ms 0.00
5.790 2.50 75.0ms 0.00
5.805 2.50 60.0ms 0.00
5.820 2.50 44.0ms 0.00
5.835 2.50 15.0ms 0.00
5.850 2.50 13.0ms 0.00
5.865 2.50 12.0ms 0.00
5.880 2.50 10.0ms 0.00
5.895 2.50 57.8ms 0.00
5.910 2.50 47.4ms 0.00
5.925 2.50 31.0ms 0.00
5.940 2.50 30.0ms 0.00
5.955 2.50 14.0ms 0.00
5.970 2.50 37.0ms 0.00
5.985 2.50 20.6ms 0.00
6.000 2.50 48.0ms 0.00
6.015 2.50 31.0ms 0.00
6.030 2.50 14.0ms 0.00
6.045 2.50 60.0ms 0.00
6.060 2.50 43.0ms 0.00
6.075 2.50 60.8ms 0.00
6.090 2.50 61.0ms 0.00
6.105 2.50 61.8ms 0.00
6.120 2.50 50.4ms 0.00
6.135 2.50 44.0ms 0.00
6.150 2.50 28.1ms 0.00
6.165 2.50 20.5ms 0.00
6.180 2.50 10.0ms 0.00
6.195 2.50 13.0ms 0.00
6.210 2.50 17.0ms 0.00
6.225 2.50 19.2ms 0.00
6.240 2.50 65.0ms 0.00
6.255 2.50 48.9ms 0.00
6.270 2.50 34.4ms 0.00
6.285 2.50 26.0ms 0.00
6.300 2.50 12.0ms 0.00
6.315 2.50 77.0ms 0.00
6.330 2.50 60.0ms 0.00
6.345 2.50 69.0ms 0.00
6.360 2.50 52.0ms 0.00
6.375 2.50 35.1ms 0.00
6.390 2.50 19.0ms 0.00
6.405 2.50 23.2ms 0.00
6.420 2.50 33.0ms 0.00
6.435 2.50 16.9ms 0.00
6.450 2.50 47.0ms 0.00
6.465 2.50 30.0ms 0.00
6.480 2.50 37.0ms 0.00
6.495 2.50 37.9ms 0.00
6.510 2.50 12.5ms 0.00
6.525 2.50 14.0ms 0.00
6.540 2.50 17.0ms 0.00
6.555 2.50 12.5ms 0.00
6.570 2.50 44.0ms 0.00
6.585 2.50 39.0ms 0.00
6.600 2.50 39.0ms 0.00
6.615 2.50 37.0ms 0.00
6.630 2.50 32.0ms 0.00
6.645 2.50 27.0ms 0.00
6.660 2.50 27.6ms 0.00
6.675 2.50 12.2ms 0.00
6.690 2.50 12.2ms 0.00
6.705 2.50 11.5ms 0.00
6.720 2.50 16.0ms 0.00
6.735 2.50 21.1ms 0.00
6.750 2.50 10.2ms 0.00
6.765 2.50 12.1ms 0.00
6.780 2.50 12.0ms 0.00
6.795 2.50 10.5ms 0.00
6.810 2.50 64.0ms 0.00
6.825 2.50 47.4ms 0.00
6.840 2.50 31.0ms 0.00
6.855 2.50 17.0ms 0.00
6.870 2.50 14.5ms 0.00
6.885 2.50 53.0ms 0.00
6.900 2.50 37.1ms 0.00
6.915 2.50 28.2ms 0.00
6.930 2.50 69.0ms 0.00
6.945 2.50 53.0ms 0.00
6.960 2.50 38.0ms 0.00
6.975 2.50 22.4ms 0.00
6.990 2.50 13.0ms 0.00
7.005 2.50 14.4ms 0.00
7.020 2.50 25.0ms 0.00
7.035 2.50 37.9ms 0.00
7.050 2.50 22.1ms 0.00
7.065 2.50 11.4ms 0.00
7.080 2.50 24.4ms 0.00
7.095 2.50 41.2ms 0.00
7.110 2.50 25.5ms 0.00
7.125 2.50 13.5ms 0.00
7.140 2.50 43.0ms 0.00
7.155 2.50 26.6ms 0.00
7.170 2.50 10.4ms 0.00
7.185 2.50 19.9ms 0.00
7.200 2.50 29.0ms 0.00
7.215 2.50 69.0ms 0.00
7.230 2.50 52.0ms 0.00
7.245 2.50 36.0ms 0.00
7.260 2.50 16.0ms 0.00
7.275 2.50 14.1ms 0.00
7.290 2.50 70.0ms 0.00
7.305 2.50 53.0ms 0.00
7.320 2.50 36.4ms 0.00
7.335 2.50 21.1ms 0.00
7.350 2.50 46.0ms 0.00
7.365 2.50 41.0ms 0.00
7.380 2.50 36.0ms 0.00
7.395 2.50 37.0ms 0.00
7.410 2.50 37.0ms 0.00
7.425 2.50 22.0ms 0.00
7.440 2.50 64.9ms 0.00
7.455 2.50 50.0ms 0.00
7.470 2.50 33.4ms 0.00
7.485 2.50 18.5ms 0.00
7.500 2.50 15.0ms 0.00
7.515 2.50 11.1ms 0.00
7.530 2.50 12.1ms 0.00
7.545 2.50 22.0ms 0.00
7.560 2.50 13.0ms 0.00
7.575 2.50 17.1ms 0.00
7.590 2.50 23.0ms 0.00
7.605 2.50 19.0ms 0.00
7.620 2.50 18.6ms 0.00
7.635 2.50 12.8ms 0.00
7.650 2.50 12.1ms 0.00
7.665 2.50 14.0ms 0.00
7.680 2.50 17.0ms 0.00
7.695 2.50 65.0ms 0.00
7.710 2.50 49.4ms 0.00
7.725 2.50 33.0ms 0.00
7.740 2.50 21.0ms 0.00
7.755 2.50 20.1ms 0.00
7.770 2.50 37.5ms 0.00
7.785 2.50 48.6ms 0.00
7.800 2.50 10.0ms 0.00
7.815 2.50 12.0ms 0.00
7.830 2.50 13.1ms 0.00
7.845 2.50 16.6ms 0.00
7.860 2.50 13.0ms 0.00
7.875 2.50 10.5ms 0.00
7.890 2.50 20.0ms 0.00
7.905 2.50 17.0ms 0.00
7.920 2.50 17.0ms 0.00
7.935 2.50 56.0ms 0.00
7.950 2.50 40.0ms 0.00
7.965 2.50 23.5ms 0.00
7.980 2.50 50.0ms 0.00
7.995 2.50 34.4ms 0.00
8.010 2.50 28.9ms 0.00
8.025 2.50 67.0ms 0.00
8.040 2.50 50.0ms 0.00
8.055 2.50 33.8ms 0.00
8.070 2.50 75.0ms 0.00
8.085 2.50 58.0ms 0.00
8.100 2.50 51.5ms 0.00
8.115 2.50 27.0ms 0.00
8.130 2.50 22.1ms 0.00
8.145 2.50 20.0ms 0.00
8.160 2.50 31.0ms 0.00
8.175 2.50 15.0ms 0.00
8.190 2.50 69.0ms 0.00
8.205 2.50 52.0ms 0.00
8.220 2.50 36.0ms 0.00
8.235 2.50 30.0ms 0.00
8.250 2.50 13.0ms 0.00
8.265 2.50 19.1ms 0.00
8.280 2.50 40.4ms 0.00
8.295 2.50 52.0ms 0.00
8.310 2.50 55.1ms 0.00
8.325 2.50 39.0ms 0.00
8.340 2.50 22.0ms 0.00
8.355 2.50 61.0ms 0.00
8.370 2.50 59.8ms 0.00
8.385 2.50 65.0ms 0.00
8.400 2.50 66.9ms 0.00
8.415 2.50 52.8ms 0.00
8.430 2.50 66.2ms 0.00
8.445 2.50 52.0ms 0.00
8.460 2.50 45.4ms 0.00
8.475 2.50 43.0ms 0.00
8.490 2.50 28.0ms 0.00
8.505 2.50 47.0ms 0.00
8.520 2.50 30.6ms 0.00
8.535 2.50 77.0ms 0.00
8.550 2.50 74.4ms 0.00
8.565 2.50 75.1ms 0.00
8.580 2.50 68.4ms 0.00
8.595 2.50 72.4ms 0.00
8.610 2.50 56.1ms 0.00
8.625 2.50 40.0ms 0.00
8.640 2.50 29.0ms 0.00
8.655 2.50 25.0ms 0.00
8.670 2.50 44.0ms 0.00
8.685 2.50 55.0ms 0.00
8.700 2.50 29.1ms 0.00
8.715 2.50 25.0ms 0.00
8.730 2.50 42.0ms 0.00
8.745 2.50 42.4ms 0.00
8.760 2.50 38.4ms 0.00
8.775 2.50 45.4ms 0.00
8.790 2.50 33.5ms 0.00
8.805 2.50 46.2ms 0.00
8.820 2.50 58.0ms 0.00
8.835 2.50 48.1ms 0.00
8.850 2.50 43.0ms 0.00
8.865 2.50 61.0ms 0.00
8.880 2.50 44.0ms 0.00
8.895 2.50 35.5ms 0.00
8.910 2.50 30.0ms 0.00
8.925 2.50 13.1ms 0.00
8.940 2.50 37.0ms 0.00
8.955 2.50 34.0ms 0.00
8.970 2.50 43.4ms 0.00
8.985 2.50 73.0ms 0.00
9.000 2.50 57.0ms 0.00
9.015 2.50 43.5ms 0.00
9.030 2.50 41.5ms 0.00
9.045 2.50 38.0ms 0.00
9.060 2.50 36.0ms 0.00
9.075 2.50 34.2ms 0.00
9.090 2.50 35.0ms 0.00
9.105 2.50 35.8ms 0.00
9.120 2.50 33.4ms 0.00
9.135 2.50 78.0ms 0.00
9.150 2.50 69.4ms 0.00
9.165 2.50 25.0ms 0.00
9.180 2.50 39.2ms 0.00
9.195 2.50 62.0ms 0.00
9.210 2.50 46.0ms 0.00
9.225 2.50 59.1ms 0.00
9.240 2.50 41.4ms 0.00
9.255 2.50 48.0ms 0.00
9.270 2.50 29.2ms 0.00
9.285 2.50 15.8ms 0.00
9.300 2.50 35.2ms 0.00
9.315 2.50 20.5ms 0.00
9.330 2.50 12.0ms 0.00
9.345 2.50 22.0ms 0.00
9.360 2.50 14.0ms 0.00
9.375 2.50 13.0ms 0.00
9.390 2.50 34.4ms 0.00
9.405 2.50 57.0ms 0.00
9.420 2.50 66.8ms 0.00
9.435 2.50 36.2ms 0.00
9.450 2.50 22.1ms 0.00
9.465 2.50 50.0ms 0.00
9.480 2.50 33.2ms 0.00
9.495 2.50 24.5ms 0.00
9.510 2.50 57.0ms 0.00
9.525 2.50 42.0ms 0.00
9.540 2.50 61.0ms 0.00
9.555 2.50 46.0ms 0.00
9.570 2.50 69.0ms 0.00
9.585 2.50 53.5ms 0.00
9.600 2.50 63.2ms 0.00
9.615 2.50 40.0ms 0.00
9.630 2.50 39.0ms 0.00
9.645 2.50 50.0ms 0.00
9.660 2.50 49.0ms 0.00
9.675 2.50 68.0ms 0.00
9.690 2.50 52.0ms 0.00
9.705 2.50 68.0ms 0.00
9.720 2.50 51.5ms 0.00
9.735 2.50 57.8ms 0.00
9.750 2.50 35.6ms 0.00
9.765 2.50 41.0ms 0.00
9.780 2.50 36.0ms 0.00
9.795 2.50 22.9ms 0.00
9.810 2.50 19.2ms 0.00
9.825 2.50 19.0ms 0.00
9.840 2.50 14.0ms 0.00
9.855 2.50 31.0ms 0.00
9.870 2.50 25.5ms 0.00
9.885 2.50 29.0ms 0.00
9.900 2.50 24.0ms 0.00
9.915 2.50 20.0ms 0.00
9.930 2.50 14.2ms 0.00
9.945 2.50 24.9ms 0.00
9.960 2.50 67.0ms 0.00
9.975 2.50 74.0ms 0.00
9.990 2.50 76.0ms 0.00
10.005 2.50 59.0ms 0.00
10.020 2.50 77.6ms 0.00
10.035 2.50 79.9ms 0.00
10.050 2.50 66.0ms 0.00
10.065 2.50 69.0ms 0.00
10.080 2.50 42.0ms 0.00
10.095 2.50 35.1ms 0.00
10.110 2.50 33.8ms 0.00
10.125 2.50 31.0ms 0.00
10.140 2.50 63.5ms 0.00
10.155 2.50 58.9ms 0.00
10.170 2.50 79.0ms 0.00
10.185 2.50 62.0ms 0.00
10.200 2.50 49.0ms 0.00
10.215 2.50 60.0ms 0.00
10.230 2.50 44.0ms 0.00
10.245 2.50 59.0ms 0.00
10.260 2.50 58.0ms 0.00
10.275 2.50 51.9ms 0.00
10.290 2.50 47.1ms 0.00
10.305 2.50 58.6ms 0.00
10.320 2.50 65.0ms 0.00
10.335 2.50 74.9ms 0.00
10.350 2.50 74.0ms 0.00
10.365 2.50 69.0ms 0.00
10.380 2.50 57.0ms 0.00
10.395 2.50 45.0ms 0.00
10.410 2.50 29.5ms 0.00
10.425 2.50 28.0ms 0.00
10.440 2.50 21.2ms 0.00
10.455 2.50 11.4ms 0.00
10.470 2.50 57.0ms 0.00
10.485 2.50 43.0ms 0.00
10.500 2.50 27.2ms 0.00
10.515 2.50 73.0ms 0.00
10.530 2.50 60.9ms 0.00
10.545 2.50 65.0ms 0.00
10.560 2.50 69.0ms 0.00
10.575 2.50 57.0ms 0.00
10.590 2.50 69.9ms 0.00
10.605 2.50 70.1ms 0.00
10.620 2.50 71.0ms 0.00
10.635 2.50 54.0ms 0.00
10.650 2.50 38.0ms 0.00
10.665 2.50 20.5ms 0.00
10.680 2.50 14.0ms 0.00
10.695 2.50 14.8ms 0.00
10.710 2.50 35.5ms 0.00
10.725 2.50 23.4ms 0.00
10.740 2.50 37.0ms 0.00
10.755 2.50 21.9ms 0.00
10.770 2.50 24.4ms 0.00
10.785 2.50 22.9ms 0.00
10.800 2.50 41.0ms 0.00
10.815 2.50 24.0ms 0.00
10.830 2.50 76.0ms 0.00
10.845 2.50 60.0ms 0.00
10.860 2.50 43.0ms 0.00
10.875 2.50 27.8ms 0.00
10.890 2.50 13.0ms 0.00
10.905 2.50 10.5ms 0.00
10.920 2.50 10.6ms 0.00
10.935 2.50 13.9ms 0.00
10.950 2.50 39.0ms 0.00
10.965 2.50 28.0ms 0.00
10.980 2.50 70.0ms 0.00
10.995 2.50 63.1ms 0.00
11.010 2.50 73.0ms 0.00
11.025 2.50 60.2ms 0.00
11.040 2.50 42.0ms 0.00
11.055 2.50 33.8ms 0.00
11.070 2.50 69.2ms 0.00
11.085 2.50 67.0ms 0.00
11.100 2.50 62.0ms 0.00
11.115 2.50 57.0ms 0.00
11.130 2.50 56.8ms 0.00
11.145 2.50 60.0ms 0.00
11.160 2.50 43.0ms 0.00
11.175 2.50 33.5ms 0.00
11.190 2.50 55.0ms 0.00
11.205 2.50 55.0ms 0.00
11.220 2.50 39.4ms 0.00
11.235 2.50 26.5ms 0.00
11.250 2.50 18.9ms 0.00
11.265 2.50 12.0ms 0.00
11.280 2.50 12.1ms 0.00
11.295 2.50 18.4ms 0.00
11.310 2.50 11.0ms 0.00
11.325 2.50 14.6ms 0.00
11.340 2.50 22.0ms 0.00
11.355 2.50 11.0ms 0.00
11.370 4.37 14.0ms 0.00
11.385 3.12 17.5ms 0.00
11.400 4.37 45.9ms 0.00
11.415 4.37 74.8ms 0.00
11.430 2.50 72.0ms 0.00
11.445 2.50 45.1ms 0.00
11.460 2.50 49.0ms 0.00
11.475 2.50 49.0ms 0.00
11.490 2.50 51.0ms 0.00
11.505 2.50 46.0ms 0.00
11.520 2.50 41.0ms 0.00
11.535 2.50 34.0ms 0.00
11.550 2.50 68.2ms 0.00
11.565 2.50 58.8ms 0.00
11.580 2.50 43.0ms 0.00
11.595 2.50 43.0ms 0.00
11.610 2.50 46.0ms 0.00
11.625 2.50 31.5ms 0.00
11.640 2.50 16.0ms 0.00
11.655 2.50 11.0ms 0.00
11.670 2.50 38.6ms 0.00
11.685 2.50 59.0ms 0.00
11.700 2.50 43.5ms 0.00
11.715 2.50 30.0ms 0.00
11.730 2.50 51.8ms 0.00
11.745 2.50 75.5ms 0.00
11.760 2.50 56.0ms 0.00
11.775 2.50 58.5ms 0.00
11.790 2.50 74.0ms 0.00
11.805 2.50 38.1ms 0.00
11.820 2.50 62.0ms 0.00
11.835 2.50 54.4ms 0.00
11.850 2.50 55.0ms 0.00
11.865 2.50 59.0ms 0.00
11.880 2.50 42.0ms 0.00
11.895 2.50 66.4ms 0.00
11.910 2.50 52.8ms 0.00
11.925 2.50 43.4ms 0.00
11.940 2.50 41.1ms 0.00
11.955 2.50 70.0ms 0.00
11.970 2.50 56.8ms 0.00
11.985 2.50 51.0ms 0.00
12.000 2.50 60.0ms 0.00
12.015 2.50 41.5ms 0.00
12.030 2.50 52.0ms 0.00
12.045 2.50 35.0ms 0.00
12.060 2.50 33.0ms 0.00
12.075 2.50 38.8ms 0.00
12.090 2.50 24.9ms 0.00
12.105 2.50 78.0ms 0.00
12.120 2.50 61.4ms 0.00
12.135 2.50 52.0ms 0.00
12.150 2.50 35.8ms 0.00
12.165 2.50 21.1ms 0.00
12.180 2.50 11.0ms 0.00
12.195 2.50 39.0ms 0.00
12.210 2.50 24.5ms 0.00
12.225 2.50 13.0ms 0.00
12.240 2.50 12.4ms 0.00
12.255 2.50 11.1ms 0.00
12.270 2.50 14.2ms 0.00
12.285 2.50 15.0ms 0.00
12.300 2.50 11.9ms 0.00
12.315 2.50 15.2ms 0.00
12.330 2.50 17.0ms 0.00
12.345 4.37 23.0ms 0.00
12.360 4.37 28.1ms 0.00
12.375 4.37 68.0ms 0.00
12.390 4.37 56.6ms 0.00
12.405 4.37 28.0ms 0.00
12.420 2.50 18.0ms 0.00
12.435 2.50 13.1ms 0.00
12.450 2.50 12.0ms 0.00
12.465 2.50 45.2ms 0.00
12.480 2.50 34.0ms 0.00
12.495 2.50 20.2ms 0.00
12.510 2.50 14.1ms 0.00
12.525 2.50 25.0ms 0.00
12.540 2.50 24.0ms 0.00
12.555 2.50 13.0ms 0.00
12.570 2.50 12.1ms 0.00
12.585 2.50 14.0ms 0.00
12.600 2.50 39.0ms 0.00
12.615 2.50 25.0ms 0.00
12.630 4.37 13.0ms 0.00
12.645 4.37 12.0ms 0.00
12.660 3.12 11.1ms 0.00
12.675 4.37 12.1ms 0.00
12.690 4.37 35.0ms 0.00
12.705 4.37 21.2ms 0.00
12.720 4.37 18.2ms 0.00
12.735 4.37 16.6ms 0.00
12.750 4.37 53.5ms 0.00
12.765 4.37 44.0ms 0.00
12.780 4.37 30.1ms 0.00
12.795 4.37 52.0ms 0.00
12.810 3.12 37.5ms 0.00
12.825 4.37 63.9ms 0.00
12.840 4.37 51.8ms 0.00
12.855 4.37 44.6ms 0.00
12.870 4.37 36.2ms 0.00
12.885 2.50 33.4ms 0.00
12.900 2.50 33.4ms 0.00
12.915 2.50 34.0ms 0.00
12.930 2.50 18.4ms 0.00
12.945 2.50 39.4ms 0.00
12.960 2.50 24.5ms 0.00
12.975 2.50 26.1ms 0.00
12.990 2.50 46.4ms 0.00
13.005 2.50 31.4ms 0.00
13.020 2.50 67.0ms 0.00
13.035 2.50 51.0ms 0.00
13.050 2.50 38.1ms 0.00
13.065 2.50 59.0ms 0.00
13.080 2.50 44.5ms 0.00
13.095 2.50 53.0ms 0.00
13.110 2.50 37.0ms 0.00
13.125 2.50 25.0ms 0.00
13.140 2.50 72.2ms 0.00
13.155 2.50 70.0ms 0.00
13.170 2.50 53.4ms 0.00
13.185 2.50 14.5ms 0.00
13.200 2.50 12.6ms 0.00
13.215 2.50 39.0ms 0.00
13.230 2.50 34.0ms 0.00
13.245 2.50 16.9ms 0.00
13.260 2.50 11.4ms 0.00
13.275 2.50 71.0ms 0.00
13.290 2.50 54.4ms 0.00
13.305 2.50 38.4ms 0.00
13.320 2.50 26.2ms 0.00
13.335 2.50 28.8ms 0.00
13.350 2.50 60.1ms 0.00
13.365 2.50 12.2ms 0.00
13.380 2.50 13.2ms 0.00
13.395 2.50 12.1ms 0.00
13.410 2.50 14.1ms 0.00
13.425 2.50 28.5ms 0.00
13.440 2.50 12.1ms 0.00
13.455 2.50 13.0ms 0.00
13.470 2.50 17.4ms 0.00
13.485 2.50 38.0ms 0.00
13.500 2.50 21.0ms 0.00
13.515 4.37 50.6ms 0.00
13.530 4.37 34.0ms 0.00
13.545 3.12 18.4ms 0.00
13.560 4.37 34.0ms 0.00
13.575 4.37 18.9ms 0.00
13.590 4.37 21.9ms 0.00
13.605 4.37 12.0ms 0.00
13.620 4.37 67.0ms 0.00
13.635 4.37 51.0ms 0.00
13.650 4.37 38.0ms 0.00
13.665 4.37 21.0ms 0.00
13.680 3.12 12.0ms 0.00
13.695 2.50 35.0ms 0.00
13.710 2.50 18.4ms 0.00
13.725 2.50 31.1ms 0.00
13.740 2.50 35.2ms 0.00
13.755 2.50 33.2ms 0.00
13.770 2.50 33.9ms 0.00
13.785 2.50 33.0ms 0.00
13.800 2.50 27.0ms 0.00
13.815 2.50 22.0ms 0.00
13.830 2.50 22.0ms 0.00
13.845 2.50 22.2ms 0.00
13.860 2.50 13.0ms 0.00
13.875 2.50 10.5ms 0.00
13.890 2.50 15.0ms 0.00
13.905 2.50 13.0ms 0.00
13.920 2.50 13.5ms 0.00
13.935 2.50 75.2ms 0.00
13.950 2.50 59.0ms 0.00
13.965 2.50 43.0ms 0.00
13.980 2.50 20.0ms 0.00
13.995 2.50 18.0ms 0.00
14.010 2.50 24.2ms 0.00
14.025 2.50 40.2ms 0.00
14.040 2.50 24.1ms 0.00
14.055 2.50 29.0ms 0.00
14.070 2.50 14.0ms 0.00
14.085 2.50 18.0ms 0.00
14.100 2.50 69.0ms 0.00
14.115 2.50 53.4ms 0.00
14.130 2.50 37.0ms 0.00
14.145 2.50 23.8ms 0.00
14.160 2.50 15.0ms 0.00
14.175 2.50 34.4ms 0.00
14.190 2.50 18.0ms 0.00
14.205 2.50 24.0ms 0.00
14.220 2.50 18.0ms 0.00
14.235 2.50 34.0ms 0.00
14.250 2.50 18.0ms 0.00
14.265 2.50 24.9ms 0.00
14.280 2.50 14.0ms 0.00
14.295 2.50 61.0ms 0.00
14.310 2.50 45.0ms 0.00
14.325 2.50 28.0ms 0.00
14.340 2.50 28.0ms 0.00
14.355 2.50 16.0ms 0.00
14.370 2.50 29.1ms 0.00
14.385 2.50 14.0ms 0.00
14.400 2.50 31.0ms 0.00
14.415 2.50 35.0ms 0.00
14.430 2.50 18.0ms 0.00
14.445 2.50 75.0ms 0.00
14.460 2.50 59.0ms 0.00
14.475 2.50 43.4ms 0.00
14.490 2.50 37.8ms 0.00
14.505 2.50 36.0ms 0.00
14.520 2.50 19.1ms 0.00
14.535 2.50 15.2ms 0.00
14.550 2.50 34.0ms 0.00
14.565 2.50 18.0ms 0.00
14.580 2.50 24.9ms 0.00
14.595 2.50 23.0ms 0.00
14.610 2.50 24.1ms 0.00
14.625 2.50 25.9ms 0.00
14.640 2.50 77.0ms 0.00
14.655 2.50 59.9ms 0.00
14.670 2.50 51.4ms 0.00
14.685 2.50 51.2ms 0.00
14.700 2.50 35.0ms 0.00
14.715 2.50 22.1ms 0.00
14.730 2.50 48.0ms 0.00
14.745 2.50 32.0ms 0.00
14.760 2.50 29.0ms 0.00
14.775 2.50 19.0ms 0.00
14.790 2.50 64.2ms 0.00
14.805 2.50 48.0ms 0.00
14.820 2.50 34.2ms 0.00
14.835 2.50 74.0ms 0.00
14.850 2.50 57.2ms 0.00
14.865 2.50 41.0ms 0.00
14.880 2.50 25.0ms 0.00
14.895 2.50 18.1ms 0.00
14.910 2.50 27.2ms 0.00
14.925 2.50 34.0ms 0.00
14.940 2.50 17.0ms 0.00
14.955 2.50 17.0ms 0.00
14.970 2.50 25.5ms 0.00
14.985 2.50 12.0ms 0.00
15.000 2.50 43.0ms 0.00
15.015 2.50 30.5ms 0.00
15.030 2.50 46.0ms 0.00
15.045 2.50 29.2ms 0.00
15.060 2.50 16.1ms 0.00
15.075 2.50 27.0ms 0.00
15.090 2.50 13.0ms 0.00
15.105 2.50 54.0ms 0.00
15.120 2.50 38.0ms 0.00
15.135 2.50 53.0ms 0.00
15.150 2.50 37.0ms 0.00
15.165 2.50 19.0ms 0.00
15.180 2.50 32.6ms 0.00
15.195 2.50 41.0ms 0.00
15.210 2.50 31.9ms 0.00
15.225 2.50 30.0ms 0.00
15.240 2.50 30.0ms 0.00
15.255 2.50 21.0ms 0.75
15.270 2.50 16.0ms 0.75
15.285 2.50 13.4ms 0.00
15.300 2.50 14.8ms 0.00
15.315 2.50 28.9ms 0.00
15.330 2.50 63.0ms 0.00
15.345 2.50 47.0ms 0.00
15.360 2.50 46.6ms 0.00
15.375 2.50 37.1ms 0.00
15.390 2.50 65.1ms 0.00
15.405 2.50 49.4ms 0.00
15.420 2.50 68.0ms 0.00
15.435 2.50 51.0ms 0.00
15.450 2.50 39.0ms 0.00
15.465 2.50 30.2ms 0.00
15.480 2.50 54.0ms 0.00
15.495 2.50 53.9ms 0.00
15.510 2.50 51.0ms 0.00
15.525 2.50 50.6ms 0.00
15.540 2.50 62.0ms 0.00
15.555 2.50 57.1ms 0.00
15.570 2.50 52.0ms 0.00
15.585 2.50 51.0ms 0.00
15.600 2.50 51.5ms 0.00
15.615 2.50 18.0ms 0.00
15.630 2.50 30.2ms 0.00
15.645 2.50 49.0ms 0.00
15.660 2.50 44.5ms 0.00
15.675 2.50 43.0ms 0.00
15.690 2.50 42.0ms 0.00
15.705 2.50 38.0ms 0.00
15.720 2.50 33.9ms 0.00
15.735 2.50 43.1ms 0.00
15.750 2.50 69.0ms 0.00
15.765 2.50 62.0ms 0.00
15.780 2.50 71.0ms 0.00
15.795 2.50 68.0ms 0.00
15.810 2.50 43.8ms 0.00
15.825 2.50 38.0ms 0.00
15.840 2.50 21.0ms 0.00
15.855 2.50 16.0ms 0.00
15.870 2.50 12.6ms 0.00
15.885 2.50 12.0ms 0.00
15.900 2.50 79.2ms 0.00
15.915 2.50 17.2ms 0.00
15.930 2.50 15.0ms 0.00
15.945 2.50 27.8ms 0.00
15.960 2.50 68.9ms 0.00
15.975 2.50 56.0ms 0.00
15.990 2.50 39.0ms 0.00
16.005 2.50 30.2ms 0.00
16.020 2.50 76.0ms 0.00
16.035 2.50 77.0ms 0.00
16.050 2.50 73.0ms 0.00
16.065 2.50 61.5ms 0.00
16.080 2.50 51.9ms 0.00
16.095 2.50 70.8ms 0.00
16.110 2.50 67.0ms 0.00
16.125 2.50 66.9ms 0.00
16.140 2.50 63.0ms 0.00
16.155 2.50 46.0ms 0.00
16.170 2.50 62.1ms 0.00
16.185 2.50 59.2ms 0.00
16.200 2.50 69.4ms 0.00
16.215 2.50 54.0ms 0.00
16.230 2.50 37.0ms 0.00
16.245 2.50 50.6ms 0.00
16.260 2.50 36.0ms 0.00
16.275 2.50 39.9ms 0.00
16.290 2.50 73.0ms 0.00
16.305 2.50 56.0ms 0.00
16.320 2.50 39.0ms 0.00
16.335 2.50 33.2ms 0.00
16.350 2.50 27.0ms 0.00
16.365 2.50 27.0ms 0.00
16.380 2.50 21.4ms 0.00
16.395 2.50 13.2ms 0.00
16.410 2.50 33.0ms 0.00
16.425 2.50 17.0ms 0.00
16.440 2.50 12.5ms 0.00
16.455 2.50 17.0ms 0.00
16.470 2.50 22.0ms 0.00
16.485 2.50 20.9ms 0.00
16.500 2.50 61.4ms 0.00
16.515 2.50 45.8ms 0.00
16.530 2.50 39.5ms 0.00
16.545 2.50 47.0ms 0.00
16.560 2.50 30.9ms 0.00
16.575 2.50 19.9ms 0.00
16.590 2.50 44.0ms 0.00
16.605 2.50 72.0ms 0.00
16.620 2.50 56.0ms 0.00
16.635 2.50 39.0ms 0.00
16.650 2.50 44.2ms 0.00
16.665 2.50 29.8ms 0.00
16.680 2.50 54.0ms 0.00
16.695 2.50 36.4ms 0.00
16.710 2.50 24.8ms 0.00
16.725 2.50 67.0ms 0.00
16.740 2.50 51.0ms 0.00
16.755 2.50 35.4ms 0.00
16.770 2.50 69.0ms 0.00
16.785 2.50 51.0ms 0.00
16.800 2.50 44.0ms 0.00
16.815 2.50 75.0ms 0.00
16.830 2.50 62.5ms 0.00
16.845 2.50 77.2ms 0.00
16.860 2.50 63.8ms 0.00
16.875 2.50 52.0ms 0.00
16.890 2.50 78.1ms 0.00
16.905 2.50 71.0ms 0.00
16.920 2.50 71.4ms 0.00
16.935 2.50 70.0ms 0.00
16.950 2.50 54.0ms 0.00
16.965 2.50 41.0ms 0.00
16.980 2.50 40.8ms 0.00
16.995 2.50 38.0ms 0.00
17.010 2.50 35.1ms 0.00
17.025 2.50 36.0ms 0.00
17.040 2.50 35.0ms 0.00
17.055 2.50 31.0ms 0.00
17.070 2.50 26.0ms 0.00
17.085 2.50 23.1ms 0.00
17.100 2.50 21.2ms 0.00
17.115 2.50 27.5ms 0.00
17.130 2.50 25.0ms 0.00
17.145 2.50 17.0ms 0.00
17.160 2.50 64.8ms 0.00
17.175 2.50 67.0ms 0.00
17.190 2.50 55.5ms 0.00
17.205 2.50 53.4ms 0.00
17.220 2.50 37.0ms 0.00
17.235 2.50 30.8ms 0.00
17.250 2.50 36.0ms 0.00
17.265 2.50 47.4ms 0.00
17.280 2.50 37.1ms 0.00
17.295 2.50 51.0ms 0.00
17.310 2.50 68.2ms 0.00
17.325 2.50 68.0ms 0.00
17.340 2.50 54.0ms 0.00
17.355 2.50 61.0ms 0.00
17.370 2.50 67.0ms 0.00
17.385 2.50 74.0ms 0.00
17.400 2.50 73.0ms 0.00
17.415 2.50 28.2ms 0.00
17.430 2.50 28.0ms 0.00
17.445 2.50 35.0ms 0.00
17.460 2.50 35.1ms 0.00
17.475 2.50 23.4ms 0.00
17.490 2.50 63.0ms 0.00
17.505 2.50 61.0ms 0.00
17.520 2.50 59.0ms 0.00
17.535 2.50 77.0ms 0.00
17.550 2.50 33.0ms 0.00
17.565 2.50 29.0ms 0.00
17.580 2.50 34.0ms 0.00
17.595 2.50 30.0ms 0.00
17.610 2.50 22.2ms 0.00
17.625 2.50 26.5ms 0.00
17.640 2.50 25.5ms 0.00
17.655 2.50 12.5ms 0.00
17.670 2.50 48.2ms 0.00
17.685 2.50 47.0ms 0.00
17.700 2.50 39.0ms 0.00
17.715 2.50 60.0ms 0.00
17.730 2.50 62.4ms 0.00
17.745 2.50 79.1ms 0.00
17.760 2.50 74.0ms 0.50
17.775 2.50 73.2ms 0.00
17.790 2.50 41.4ms 0.00
17.805 2.50 35.0ms 0.00
17.820 2.50 25.9ms 0.00
17.835 2.50 52.0ms 0.00
17.850 2.50 47.0ms 0.00
17.865 2.50 42.0ms 0.00
17.880 2.50 40.2ms 0.00
17.895 2.50 24.0ms 0.00
17.910 2.50 21.0ms 0.00
17.925 2.50 21.2ms 0.00
17.940 2.50 27.1ms 0.00
17.955 2.50 18.8ms 0.00
17.970 2.50 50.0ms 0.00
17.985 2.50 50.0ms 0.00
18.000 2.50 45.0ms 0.00
18.015 2.50 74.0ms 0.00
18.030 2.50 57.0ms 0.00
18.045 2.50 60.9ms 0.00
18.060 2.50 51.0ms 0.00
18.075 2.50 39.0ms 0.00
18.090 2.50 64.1ms 0.00
18.105 2.50 69.0ms 0.00
18.120 2.50 14.0ms 0.00
18.135 2.50 14.0ms 0.00
18.150 2.50 19.4ms 0.00
18.165 2.50 17.4ms 0.00
18.180 2.50 73.5ms 0.00
18.195 2.50 68.0ms 0.00
18.210 2.50 52.0ms 0.00
18.225 2.50 35.0ms 0.00
18.240 2.50 63.1ms 0.00
18.255 2.50 70.1ms 0.00
18.270 2.50 55.0ms 0.00
18.285 2.50 37.1ms 0.00
18.300 2.50 32.1ms 0.00
18.315 2.50 19.2ms 0.00
18.330 2.50 75.0ms 0.00
18.345 2.50 65.8ms 0.00
18.360 2.50 16.5ms 0.00
18.375 2.50 18.0ms 0.00
18.390 2.50 13.4ms 0.00
18.405 2.50 13.1ms 0.00
18.420 2.50 29.1ms 0.00
18.435 2.50 38.2ms 0.00
18.450 2.50 33.5ms 0.00
18.465 2.50 73.0ms 0.00
18.480 2.50 69.0ms 0.00
18.495 2.50 53.0ms 0.00
18.510 2.50 37.5ms 0.00
18.525 2.50 27.0ms 0.00
18.540 2.50 39.5ms 0.00
18.555 2.50 23.0ms 0.00
18.570 2.50 14.0ms 0.00
18.585 2.50 26.0ms 0.00
18.600 2.50 37.0ms 0.00
18.615 2.50 20.0ms 0.00
18.630 2.50 14.0ms 0.00
18.645 2.50 77.0ms 0.00
18.660 2.50 66.2ms 0.00
18.675 2.50 78.0ms 0.00
18.690 2.50 43.4ms 0.00
18.705 2.50 44.5ms 0.00
18.720 2.50 66.2ms 0.00
18.735 2.50 64.0ms 0.00
18.750 2.50 51.9ms 0.00
18.765 2.50 36.0ms 0.00
18.780 2.50 32.5ms 0.00
18.795 2.50 75.1ms 0.00
18.810 2.50 69.0ms 0.00
18.825 2.50 52.0ms 0.00
18.840 2.50 40.5ms 0.00
18.855 2.50 36.0ms 0.00
18.870 2.50 19.1ms 0.00
18.885 2.50 78.9ms 0.00
18.900 2.50 19.0ms 0.00
18.915 2.50 19.2ms 0.00
18.930 2.50 20.0ms 0.00
18.945 2.50 45.0ms 0.00
18.960 2.50 41.5ms 0.00
18.975 2.50 77.0ms 0.00
18.990 2.50 60.1ms 0.00
19.005 2.50 44.0ms 0.00
19.020 2.50 27.0ms 0.00
19.035 2.50 37.0ms 0.00
19.050 2.50 20.0ms 0.00
19.065 2.50 14.0ms 0.00
19.080 2.50 16.8ms 0.00
19.095 2.50 24.5ms 0.00
19.110 2.50 27.5ms 0.00
19.125 2.50 27.0ms 0.00
19.140 2.50 25.0ms 0.00
19.155 2.50 17.8ms 0.00
19.170 2.50 17.0ms 0.00
19.185 2.50 13.1ms 0.00
19.200 2.50 12.0ms 0.00
19.215 2.50 18.4ms 0.00
19.230 2.50 13.0ms 0.00
19.245 2.50 18.0ms 0.00
19.260 2.50 12.2ms 0.00
19.275 4.37 17.0ms 0.00
19.290 4.37 19.6ms 0.00
19.305 2.50 11.0ms 0.00
19.320 2.50 11.0ms 0.00
19.335 2.50 12.0ms 0.00
19.350 2.50 14.1ms 0.00
19.365 2.50 37.8ms 0.00
19.380 2.50 72.8ms 0.00
19.395 2.50 51.4ms 0.00
19.410 2.50 18.0ms 0.00
19.425 2.50 15.0ms 0.00
19.440 2.50 16.6ms 0.00
19.455 2.50 17.0ms 0.00
19.470 2.50 26.8ms 0.00
19.485 2.50 12.5ms 0.00
19.500 2.50 10.9ms 0.00
19.515 2.50 32.1ms 0.00
19.530 2.50 42.0ms 0.00
19.545 2.50 79.1ms 0.00
19.560 2.50 11.0ms 0.00
19.575 2.50 10.0ms 0.00
19.590 2.50 12.0ms 0.00
19.605 2.50 18.1ms 0.00
19.620 2.50 15.5ms 0.00
19.635 2.50 17.6ms 0.00
19.650 2.50 12.4ms 0.00
19.665 2.50 37.0ms 0.00
19.680 2.50 20.0ms 0.00
19.695 2.50 24.0ms 0.00
19.710 2.50 11.4ms 0.00
19.725 2.50 15.2ms 0.00
19.740 2.50 56.1ms 0.00
19.755 2.50 41.0ms 0.00
19.770 2.50 25.0ms 0.00
19.785 2.50 11.1ms 0.00
19.800 2.50 16.0ms 0.00
19.815 2.50 69.0ms 0.00
19.830 2.50 52.0ms 0.00
19.845 2.50 35.0ms 0.00
19.860 2.50 20.2ms 0.00
19.875 2.50 16.5ms 0.00
19.890 2.50 12.2ms 0.00
19.905 2.50 11.5ms 0.00
19.920 2.50 25.0ms 0.00
19.935 2.50 12.5ms 0.00
19.950 2.50 63.0ms 0.00
19.965 2.50 46.0ms 0.00
19.980 2.50 33.0ms 0.00
19.995 2.50 57.0ms 0.00
20.010 2.50 41.5ms 0.00
20.025 2.50 26.0ms 0.00
20.040 2.50 14.0ms 0.00
20.055 2.50 10.1ms 0.00
20.070 2.50 18.0ms 0.00
20.085 2.50 18.1ms 0.00
20.100 2.50 16.6ms 0.00
20.115 2.50 12.2ms 0.00
20.130 2.50 18.0ms 0.00
20.145 2.50 24.2ms 0.00
20.160 2.50 53.9ms 0.00
20.175 4.37 36.0ms 0.00
20.190 4.37 22.8ms 0.00
20.205 4.37 33.0ms 0.00
20.220 4.37 42.4ms 0.00
20.235 4.37 69.4ms 0.00
20.250 2.50 14.4ms 0.00
20.265 2.50 13.6ms 0.00
20.280 2.50 21.0ms 0.00
20.295 2.50 21.5ms 0.00
20.310 2.50 19.2ms 0.00
20.325 2.50 13.6ms 0.00
20.340 2.50 34.0ms 0.00
20.355 2.50 19.0ms 0.00
20.370 2.50 11.0ms 0.00
20.385 2.50 12.5ms 0.00
20.400 2.50 11.5ms 0.00
20.415 2.50 23.0ms 0.00
20.430 2.50 39.0ms 0.00
20.445 2.50 30.8ms 0.00
20.460 2.50 12.0ms 0.00
20.475 2.50 14.0ms 0.00
20.490 2.50 13.0ms 0.00
20.505 2.50 13.0ms 0.00
20.520 2.50 12.6ms 0.00
20.535 2.50 16.0ms 0.00
20.550 2.50 17.4ms 0.00
20.565 2.50 78.0ms 0.00
20.580 2.50 61.2ms 0.00
20.595 2.50 45.0ms 0.00
20.610 2.50 29.8ms 0.00
20.625 2.50 20.2ms 0.00
20.640 2.50 11.8ms 0.00
20.655 2.50 16.9ms 0.00
20.670 2.50 14.5ms 0.00
20.685 2.50 31.5ms 0.00
20.700 2.50 32.0ms 0.50
20.715 2.50 17.0ms 0.00
20.730 2.50 17.0ms 0.00
20.745 2.50 16.0ms 0.00
20.760 2.50 19.2ms 0.00
20.775 2.50 16.0ms 0.00
20.790 2.50 13.9ms 0.00
20.805 2.50 40.0ms 0.00
20.820 2.50 69.1ms 0.00
20.835 2.50 66.2ms 0.00
20.850 2.50 58.0ms 0.00
20.865 2.50 54.0ms 0.00
20.880 2.50 54.0ms 0.00
20.895 2.50 53.9ms 0.00
20.910 2.50 64.4ms 0.00
20.925 2.50 48.0ms 0.00
20.940 2.50 48.0ms 0.00
20.955 2.50 57.6ms 0.00
20.970 2.50 78.0ms 0.00
20.985 2.50 73.0ms 0.00
21.000 2.50 68.4ms 0.00
21.015 2.50 76.0ms 0.00
21.030 2.50 71.0ms 0.00
21.045 2.50 70.0ms 0.00
21.060 2.50 53.0ms 0.00
21.075 2.50 22.1ms 0.00
21.090 2.50 73.0ms 0.00
21.105 2.50 79.4ms 0.00
21.120 2.50 75.0ms 0.00
21.135 2.50 60.0ms 0.00
21.150 2.50 69.4ms 0.00
21.165 2.50 27.4ms 0.00
21.180 2.50 22.2ms 0.00
21.195 2.50 11.4ms 0.00
21.210 2.50 16.2ms 0.00
21.225 2.50 11.4ms 0.00
21.240 2.50 18.1ms 0.00
21.255 2.50 30.2ms 0.00
21.270 2.50 15.6ms 0.00
21.285 2.50 17.9ms 0.00
21.300 2.50 69.0ms 0.00
21.315 4.37 55.8ms 0.00
21.330 4.37 52.8ms 0.00
21.345 3.12 42.4ms 0.00
21.360 2.50 29.0ms 0.00
21.375 2.50 18.2ms 0.00
21.390 2.50 35.0ms 0.00
21.405 2.50 20.4ms 0.00
21.420 2.50 23.1ms 0.00
21.435 2.50 14.4ms 0.00
21.450 2.50 28.0ms 0.00
21.465 2.50 38.0ms 0.00
21.480 2.50 21.1ms 0.00
21.495 2.50 53.0ms 0.00
21.510 2.50 38.1ms 0.00
21.525 2.50 33.2ms 0.00
21.540 2.50 27.4ms 0.00
21.555 2.50 19.1ms 0.00
21.570 2.50 12.1ms 0.00
21.585 2.50 28.0ms 0.00
21.600 2.50 16.1ms 0.00
21.615 2.50 21.4ms 0.00
21.630 2.50 20.6ms 0.00
21.645 2.50 14.6ms 0.00
21.660 2.50 10.8ms 0.00
21.675 4.37 17.6ms 0.00
21.690 4.37 17.6ms 0.00
21.705 4.37 41.8ms 0.00
21.720 4.37 25.1ms 0.00
21.735 4.37 20.8ms 0.00
21.750 4.37 22.0ms 0.00
21.765 4.37 17.5ms 0.00
21.780 4.37 17.2ms 0.00
21.795 4.37 20.1ms 0.00
21.810 4.37 26.0ms 0.00
21.825 4.37 18.8ms 0.00
21.840 4.37 39.0ms 0.00
21.855 4.37 24.0ms 0.00
21.870 4.37 17.8ms 0.00
21.885 4.37 12.8ms 0.00
21.900 4.37 15.4ms 0.00
21.915 4.37 12.1ms 0.00
21.930 4.37 25.8ms 0.00
21.945 4.37 22.4ms 0.00
21.960 4.37 43.0ms 0.00
21.975 4.37 27.4ms 0.00
21.990 4.37 18.1ms 0.00
22.005 4.37 46.0ms 0.00
22.020 4.37 30.4ms 0.00
22.035 4.37 43.5ms 0.00
22.050 4.37 27.0ms 0.00
22.065 4.37 15.4ms 0.00
22.080 4.37 13.0ms 0.00
22.095 4.37 40.0ms 0.00
22.110 4.37 53.0ms 0.00
22.125 4.37 42.9ms 0.00
22.140 4.37 72.4ms 0.00
22.155 4.37 72.0ms 0.00
22.170 4.37 60.1ms 0.00
22.185 2.50 57.0ms 0.00
22.200 2.50 74.0ms 0.00
22.215 2.50 68.0ms 0.00
22.230 2.50 72.0ms 0.00
22.245 2.50 78.0ms 0.00
22.260 2.50 61.0ms 0.00
22.275 2.50 51.6ms 0.00
22.290 2.50 45.0ms 0.00
22.305 2.50 27.6ms 0.00
22.320 2.50 17.6ms 0.00
22.335 2.50 51.0ms 0.00
22.350 2.50 39.0ms 0.00
22.365 2.50 31.0ms 0.00
22.380 2.50 32.0ms 0.00
22.395 2.50 54.0ms 0.00
22.410 2.50 37.0ms 0.00
22.425 2.50 59.0ms 0.00
22.440 2.50 42.2ms 0.00
22.455 2.50 74.2ms 0.00
22.470 2.50 59.8ms 0.00
22.485 2.50 60.0ms 0.00
22.500 2.50 43.4ms 0.00
22.515 2.50 39.0ms 0.00
22.530 2.50 42.6ms 0.00
22.545 2.50 42.2ms 0.00
22.560 2.50 44.8ms 0.00
22.575 2.50 53.0ms 0.00
22.590 2.50 38.8ms 0.00
22.605 2.50 74.0ms 0.00
22.620 2.50 57.1ms 0.00
22.635 2.50 44.5ms 0.00
22.650 2.50 32.2ms 0.00
22.665 2.50 66.0ms 0.00
22.680 2.50 75.0ms 0.00
22.695 2.50 68.0ms 0.00
22.710 2.50 62.0ms 0.00
22.725 2.50 50.0ms 0.00
22.740 2.50 33.9ms 0.00
22.755 2.50 69.0ms 0.00
22.770 2.50 73.1ms 0.00
22.785 2.50 57.0ms 0.00
22.800 2.50 50.0ms 0.00
22.815 2.50 34.6ms 0.00
22.830 2.50 22.2ms 0.00
22.845 2.50 30.5ms 0.00
22.860 2.50 25.0ms 0.00
22.875 2.50 15.0ms 0.00
22.890 2.50 22.6ms 0.00
22.905 2.50 14.0ms 0.00
22.920 2.50 24.1ms 0.00
22.935 2.50 56.0ms 0.00
22.950 2.50 39.4ms 0.00
22.965 2.50 26.4ms 0.00
22.980 2.50 42.0ms 0.00
22.995 2.50 25.2ms 0.00
23.010 2.50 69.0ms 0.00
23.025 2.50 77.0ms 0.00
23.040 2.50 60.0ms 0.00
23.055 2.50 64.4ms 0.00
23.070 2.50 48.0ms 0.00
23.085 2.50 41.8ms 0.00
23.100 2.50 44.6ms 0.00
23.115 2.50 50.0ms 0.00
23.130 2.50 35.6ms 0.00
23.145 2.50 53.0ms 0.00
23.160 2.50 64.0ms 0.00
23.175 2.50 48.4ms 0.00
23.190 2.50 32.6ms 0.00
23.205 2.50 42.4ms 0.00
23.220 2.50 26.0ms 0.00
23.235 2.50 59.0ms 0.00
23.250 2.50 43.0ms 0.00
23.265 2.50 28.6ms 0.00
23.280 2.50 45.0ms 0.00
23.295 2.50 35.0ms 0.00
23.310 2.50 66.5ms 0.00
23.325 2.50 58.1ms 0.00
23.340 2.50 75.0ms 0.00
23.355 2.50 76.0ms 0.00
23.370 2.50 36.2ms 0.00
23.385 2.50 52.0ms 0.00
23.400 2.50 47.1ms 0.00
23.415 2.50 61.4ms 0.00
23.430 2.50 46.6ms 0.00
23.445 2.50 42.0ms 0.00
23.460 2.50 25.9ms 0.00
23.475 2.50 41.0ms 0.00
23.490 2.50 25.1ms 0.00
23.505 2.50 13.1ms 0.00
23.520 2.50 21.8ms 0.00
23.535 2.50 42.0ms 0.00
23.550 2.50 25.0ms 0.00
23.565 2.50 75.0ms 0.00
23.580 2.50 63.4ms 0.00
23.595 2.50 69.0ms 0.00
23.610 2.50 76.0ms 0.00
23.625 2.50 76.0ms 0.00
23.640 2.50 73.0ms 0.00
23.655 2.50 57.0ms 0.00
23.670 2.50 73.0ms 0.00
23.685 2.50 61.0ms 0.00
23.700 2.50 49.4ms 0.00
23.715 2.50 73.0ms 0.00
23.730 2.50 59.5ms 0.00
23.745 2.50 77.4ms 0.00
23.760 2.50 65.0ms 0.00
23.775 2.50 67.0ms 0.00
23.790 2.50 72.0ms 0.00
23.805 2.50 52.5ms 0.00
23.820 2.50 58.0ms 0.00
23.835 2.50 41.0ms 0.00
23.850 2.50 24.8ms 0.00
23.865 2.50 15.2ms 0.00
23.880 2.50 30.0ms 0.00
23.895 2.50 13.5ms 0.00
23.910 2.50 16.8ms 0.00
23.925 2.50 71.0ms 0.00
23.940 2.50 55.0ms 0.00
23.955 2.50 39.4ms 0.00
23.970 2.50 46.0ms 0.00
23.985 2.50 69.2ms 0.00
24.000 2.50 54.5ms 0.00
24.015 2.50 78.0ms 0.00
24.030 2.50 61.0ms 0.00
24.045 2.50 53.9ms 0.00
24.060 2.50 69.0ms 0.00
24.075 2.50 79.0ms 0.00
24.090 2.50 62.5ms 0.00
24.105 2.50 56.0ms 0.00
24.120 2.50 42.6ms 0.00
24.135 2.50 70.0ms 0.00
24.150 2.50 54.0ms 0.00
24.165 2.50 52.0ms 0.00
24.180 2.50 63.8ms 0.00
24.195 2.50 66.0ms 0.00
24.210 2.50 65.0ms 0.00
24.225 2.50 64.2ms 0.00
24.240 2.50 35.0ms 0.00
24.255 2.50 34.0ms 0.00
24.270 2.50 36.0ms 0.00
24.285 2.50 44.0ms 0.00
24.300 2.50 37.0ms 0.00
24.315 2.50 20.0ms 0.00
24.330 2.50 33.0ms 0.00
24.345 2.50 18.1ms 0.00
24.360 2.50 18.4ms 0.00
24.375 2.50 47.6ms 0.00
24.390 2.50 57.1ms 0.00
24.405 2.50 64.0ms 0.00
24.420 2.50 47.2ms 0.00
24.435 2.50 32.0ms 0.00
24.450 2.50 67.9ms 0.00
24.465 2.50 51.9ms 0.00
24.480 2.50 48.1ms 0.00
24.495 2.50 54.9ms 0.00
24.510 2.50 61.0ms 0.00
24.525 2.50 56.0ms 0.00
24.540 2.50 51.0ms 0.00
24.555 2.50 51.0ms 0.00
24.570 2.50 17.8ms 0.00
24.585 2.50 23.0ms 0.00
24.600 2.50 40.0ms 0.00
24.615 2.50 29.9ms 0.00
24.630 2.50 73.4ms 0.00
24.645 2.50 57.0ms 0.00
24.660 2.50 40.0ms 0.00
24.675 2.50 30.6ms 0.00
24.690 2.50 16.0ms 0.00
24.705 2.50 28.8ms 0.00
24.720 2.50 17.0ms 0.00
24.735 2.50 39.0ms 0.00
24.750 2.50 25.9ms 0.00
24.765 2.50 19.1ms 0.00
24.780 2.50 29.9ms 0.00
24.795 2.50 78.0ms 0.00
24.810 2.50 67.0ms 0.00
24.825 2.50 62.0ms 0.00
24.840 2.50 68.2ms 0.00
24.855 2.50 78.0ms 0.00
24.870 2.50 66.0ms 0.00
24.885 2.50 64.1ms 0.00
24.900 2.50 53.2ms 0.00
24.915 2.50 78.0ms 0.00
24.930 2.50 61.0ms 0.00
24.945 2.50 44.0ms 0.00
24.960 2.50 28.9ms 0.00
24.975 2.50 36.0ms 0.00
24.990 2.50 19.6ms 0.00
25.005 2.50 74.0ms 0.00
25.020 2.50 58.1ms 0.00
25.035 2.50 42.1ms 0.00
25.050 2.50 31.0ms 0.00
25.065 2.50 30.9ms 0.00
25.080 2.50 70.0ms 0.00
25.095 2.50 53.2ms 0.00
25.110 2.50 75.8ms 0.00
25.125 2.50 72.0ms 0.00
25.140 2.50 31.0ms 0.00
25.155 2.50 30.0ms 0.00
25.170 2.50 43.6ms 0.00
25.185 2.50 75.0ms 0.00
25.200 2.50 58.9ms 0.00
25.215 2.50 78.0ms 0.00
25.230 2.50 64.0ms 0.00
25.245 2.50 14.0ms 0.00
25.260 2.50 18.0ms 0.00
25.275 2.50 15.1ms 0.00
25.290 2.50 40.9ms 0.00
25.305 2.50 41.8ms 0.00
25.320 2.50 76.5ms 0.00
25.335 2.50 34.4ms 0.00
25.350 2.50 53.0ms 0.00
25.365 2.50 52.0ms 0.00
25.380 2.50 51.0ms 0.00
25.395 2.50 40.0ms 0.00
25.410 2.50 51.9ms 0.00
25.425 2.50 14.0ms 0.00
25.440 2.50 15.4ms 0.00
25.455 2.50 62.0ms 0.00
25.470 2.50 57.0ms 0.00
25.485 2.50 75.0ms 0.00
25.500 2.50 76.0ms 0.00
25.515 2.50 62.0ms 0.00
25.530 2.50 59.8ms 0.00
25.545 2.50 50.2ms 0.00
25.560 2.50 32.5ms 0.00
25.575 2.50 36.1ms 0.00
25.590 2.50 34.9ms 0.00
25.605 2.50 25.8ms 0.00
25.620 2.50 18.9ms 0.00
25.635 2.50 75.0ms 0.00
25.650 2.50 76.0ms 0.00
25.665 2.50 75.8ms 0.00
25.680 2.50 47.4ms 0.00
25.695 2.50 43.0ms 0.00
25.710 2.50 43.1ms 0.00
25.725 2.50 58.0ms 0.00
25.740 2.50 48.0ms 0.00
25.755 2.50 22.2ms 0.00
25.770 2.50 78.4ms 0.00
25.785 2.50 79.0ms 0.00
25.800 2.50 78.6ms 0.00
25.815 2.50 70.2ms 0.00
25.830 2.50 64.2ms 0.00
25.845 2.50 48.0ms 0.00
25.860 2.50 28.1ms 0.00
25.875 2.50 25.0ms 0.00
25.890 2.50 16.6ms 0.00
25.905 2.50 28.4ms 0.00
25.920 2.50 16.0ms 0.00
25.935 2.50 13.9ms 0.00
25.950 2.50 15.6ms 0.00
25.965 2.50 14.1ms 0.00
25.980 2.50 15.0ms 0.00
25.995 4.37 12.9ms 0.00
26.010 3.12 12.0ms 0.00
26.025 4.37 64.8ms 0.00
26.040 4.37 51.8ms 0.00
26.055 4.37 38.9ms 0.00
26.070 3.12 50.0ms 0.00
26.085 2.50 40.6ms 0.00
26.100 2.50 29.2ms 0.00
26.115 2.50 28.2ms 0.00
26.130 2.50 16.0ms 0.00
26.145 2.50 12.1ms 0.00
26.160 2.50 32.0ms 0.00
26.175 2.50 15.0ms 0.00
26.190 2.50 13.4ms 0.00
26.205 2.50 43.4ms 0.00
26.220 2.50 27.2ms 0.00
26.235 2.50 70.2ms 0.00
26.250 2.50 55.0ms 0.00
26.265 2.50 38.0ms 0.00
26.280 2.50 21.4ms 0.00
26.295 2.50 16.2ms 0.00
26.310 2.50 17.0ms 0.00
26.325 2.50 21.4ms 0.00
26.340 2.50 75.0ms 0.00
26.355 2.50 58.0ms 0.00
26.370 2.50 62.4ms 0.00
26.385 2.50 13.8ms 0.00
26.400 2.50 14.0ms 0.00
26.415 2.50 18.4ms 0.00
26.430 2.50 27.0ms 0.00
26.445 2.50 21.6ms 0.00
26.460 2.50 18.8ms 0.00
26.475 2.50 19.8ms 0.00
26.490 2.50 13.1ms 0.00
26.505 2.50 41.8ms 0.00
26.520 2.50 78.0ms 0.00
26.535 2.50 73.0ms 0.00
26.550 2.50 49.8ms 0.00
26.565 2.50 55.5ms 0.00
26.580 2.50 21.0ms 0.00
26.595 2.50 16.0ms 0.00
26.610 2.50 22.8ms 0.00
26.625 2.50 71.1ms 0.00
26.640 2.50 41.0ms 0.00
26.655 2.50 46.0ms 0.00
26.670 2.50 36.0ms 0.00
26.685 2.50 34.0ms 0.00
26.700 2.50 35.0ms 0.00
26.715 2.50 24.0ms 0.00
26.730 2.50 17.5ms 0.00
26.745 2.50 17.8ms 0.00
26.760 2.50 21.9ms 0.00
26.775 2.50 13.0ms 0.00
26.790 2.50 28.1ms 0.00
26.805 2.50 23.0ms 0.00
26.820 2.50 20.1ms 0.00
26.835 2.50 16.8ms 0.00
26.850 2.50 13.0ms 0.00
26.865 2.50 13.1ms 0.00
26.880 4.37 15.1ms 0.00
26.895 4.37 77.8ms 0.00
26.910 4.37 64.0ms 0.00
26.925 2.50 60.0ms 0.00
26.940 2.50 70.2ms 0.00
26.955 2.50 21.0ms 0.00
26.970 2.50 18.0ms 0.00
26.985 2.50 18.5ms 0.00
27.000 2.50 17.0ms 0.00
27.015 2.50 37.4ms 0.00
27.030 2.50 47.2ms 0.00
27.045 2.50 50.0ms 0.00
27.060 2.50 61.0ms 0.00
27.075 2.50 61.8ms 0.00
